[2025-10-23 05:35:41.322] [INFO] [Main] Приложение запущено
[2025-10-23 06:08:13.436] [INFO] [Main] Приложение завершено
[SHUTDOWN] Logger shutting down
[2025-10-23 06:08:15.891] [INFO] [Main] Приложение запущено
[2025-10-23 06:11:12.284] [INFO] [Main] Приложение запущено
[2025-10-23 07:07:22.323] [INFO] [Main] Приложение завершено
[SHUTDOWN] Logger shutting down
[2025-10-23 08:28:54.896] [INFO] [Main] Приложение запущено
[2025-10-23 08:28:58.737] [INFO] [Main] Приложение завершено
[SHUTDOWN] Logger shutting down
[2025-10-23 09:57:24.653] [INFO] [Main] Приложение запущено
[2025-10-23 10:39:26.212] [INFO] [Main] Приложение завершено
[SHUTDOWN] Logger shutting down
[2025-10-23 10:54:25.936] [INFO] [Main] Приложение запущено
[2025-10-23 10:55:29.397] [INFO] [Main] Приложение завершено
[SHUTDOWN] Logger shutting down
[2025-10-23 11:30:44.937] [INFO] [Main] Приложение запущено
[2025-10-23 11:31:40.484] [INFO] [Main] Приложение завершено
[SHUTDOWN] Logger shutting down
[2025-10-23 14:25:08.184] [INFO] [Main] Приложение запущено
[2025-10-23 14:25:49.497] [INFO] [Main] Приложение завершено
[SHUTDOWN] Logger shutting down
[2025-10-24 15:34:48.091] [INFO] [Main] Приложение запущено
[2025-10-24 15:53:46.577] [INFO] [Main] Приложение завершено
[SHUTDOWN] Logger shutting down
[2025-10-24 19:47:49.889] [INFO] [Main] Приложение запущено
[2025-10-24 19:58:06.208] [INFO] [Main] Приложение завершено
[SHUTDOWN] Logger shutting down
[2025-10-24 23:31:33.977] [INFO] [Main] Приложение запущено
[2025-10-24 23:32:22.366] [INFO] [Main] Приложение завершено
[SHUTDOWN] Logger shutting down
[2025-10-24 23:38:36.096] [INFO] [Main] Приложение запущено
[2025-10-24 23:50:06.474] [INFO] [Main] Приложение запущено
[2025-10-25 09:34:19.264] [INFO] [Main] Приложение запущено
[2025-10-25 09:49:02.829] [INFO] [Main] Приложение запущено
[2025-10-25 10:03:01.188] [INFO] [Main] Приложение завершено
[SHUTDOWN] Logger shutting down
[2025-10-25 10:44:49.697] [INFO] [Main] Приложение запущено
[2025-10-25 10:46:04.291] [INFO] [Main] Приложение завершено
[SHUTDOWN] Logger shutting down
[2025-10-25 11:31:20.315] [INFO] [Main] Приложение запущено
[2025-10-25 11:31:22.785] [INFO] [Main] Приложение завершено
[SHUTDOWN] Logger shutting down
[2025-10-25 11:53:20.617] [INFO] [Main] Приложение запущено
[2025-10-25 12:04:17.256] [INFO] [Main] Приложение завершено
[SHUTDOWN] Logger shutting down
[INIT] Logger initialized successfully
[2025-10-25 12:05:10.525] [INFO] [Main] Приложение запущено
[2025-10-25 12:05:13.152] [INFO] [Main] Приложение завершено
[SHUTDOWN] Logger shutting down
[INIT] Logger initialized successfully
[2025-10-31 15:10:12.112] [INFO] [Main] Приложение запущено
[2025-10-31 15:12:35.813] [INFO] [Main] Приложение завершено
[SHUTDOWN] Logger shutting down
[INIT] Logger initialized successfully
[2025-11-01 07:42:29.166] [INFO] [Main] Приложение запущено
[2025-11-01 07:51:51.127] [INFO] [Main] Приложение завершено
[SHUTDOWN] Logger shutting down
[INIT] Logger initialized successfully
[2025-11-01 07:53:00.141] [INFO] [Main] Приложение запущено
[2025-11-01 07:53:29.765] [INFO] [Main] Приложение завершено
[SHUTDOWN] Logger shutting down
[INIT] Logger initialized successfully
[2025-11-01 12:09:25.891] [INFO] [Main] Приложение запущено с БД: postgres
[2025-11-01 12:09:37.715] [INFO] [Main] Приложение завершено
[SHUTDOWN] Logger shutting down
