[INIT] Logger initialized
[2025-10-16 14:52:26.969] [INFO] [Main] ==========================================
[2025-10-16 14:52:26.969] [INFO] [Main] Система логирования инициализирована
[2025-10-16 14:52:26.969] [INFO] [Main] Уровень логирования: INFO
[2025-10-16 14:52:26.969] [INFO] [Main] Файл лога: logs/dance_studio.log
[2025-10-16 14:52:26.969] [INFO] [Main] Основные компоненты инициализированы, запуск TechUI
[SHUTDOWN] Logger shutting down
[2025-10-16 15:05:25.302] [INFO] [Main] Приложение запущено
[2025-10-16 15:05:33.934] [INFO] [Main] Приложение завершено
[SHUTDOWN] Logger shutting down
[2025-10-18 05:23:15.431] [INFO] [Main] Приложение запущено
[2025-10-18 05:23:17.502] [INFO] [Main] Приложение завершено
[SHUTDOWN] Logger shutting down
[2025-10-18 08:07:55.011] [INFO] [Main] Приложение запущено
[2025-10-18 08:08:05.104] [INFO] [Main] Приложение завершено
[SHUTDOWN] Logger shutting down
[2025-10-18 09:16:23.230] [INFO] [Main] Приложение запущено
[2025-10-18 09:16:44.666] [INFO] [Main] Приложение завершено
[SHUTDOWN] Logger shutting down
[2025-10-18 09:17:02.679] [INFO] [Main] Приложение запущено
[2025-10-18 09:17:10.347] [INFO] [Main] Приложение завершено
[SHUTDOWN] Logger shutting down
[2025-10-18 10:35:40.335] [INFO] [Main] Приложение запущено
[2025-10-18 10:35:53.715] [INFO] [Main] Приложение завершено
[SHUTDOWN] Logger shutting down
[2025-10-18 10:36:12.948] [INFO] [Main] Приложение запущено
[2025-10-18 10:56:48.207] [INFO] [Main] Приложение завершено
[SHUTDOWN] Logger shutting down
[2025-10-18 11:05:27.157] [INFO] [Main] Приложение запущено
[2025-10-18 11:20:45.132] [INFO] [Main] Приложение завершено
[SHUTDOWN] Logger shutting down
[2025-10-18 11:22:02.720] [INFO] [Main] Приложение запущено
[SHUTDOWN] Logger shutting down
[2025-10-18 11:26:21.422] [INFO] [Main] Приложение запущено
[2025-10-18 11:30:12.661] [INFO] [Main] Приложение завершено
[SHUTDOWN] Logger shutting down
[2025-10-18 11:30:56.360] [INFO] [Main] Приложение запущено
[2025-10-18 11:32:12.950] [INFO] [Main] Приложение завершено
[SHUTDOWN] Logger shutting down
[2025-10-18 11:36:47.901] [INFO] [Main] Приложение запущено
[2025-10-18 11:40:34.463] [INFO] [Main] Приложение завершено
[SHUTDOWN] Logger shutting down
[2025-10-18 11:49:38.634] [INFO] [Main] Приложение запущено
[2025-10-18 11:51:46.963] [INFO] [Main] Приложение завершено
[SHUTDOWN] Logger shutting down
[2025-10-18 11:51:58.576] [INFO] [Main] Приложение запущено
[SHUTDOWN] Logger shutting down
[2025-10-18 11:52:30.630] [INFO] [Main] Приложение запущено
[SHUTDOWN] Logger shutting down
[2025-10-18 11:53:07.176] [INFO] [Main] Приложение запущено
[SHUTDOWN] Logger shutting down
[2025-10-18 11:53:29.243] [INFO] [Main] Приложение запущено
[2025-10-18 12:00:27.396] [INFO] [Main] Приложение завершено
[SHUTDOWN] Logger shutting down
[2025-10-18 12:05:10.618] [INFO] [Main] Приложение запущено
[2025-10-18 12:05:31.725] [INFO] [Main] Приложение запущено
[2025-10-18 12:06:26.404] [INFO] [Main] Приложение завершено
[SHUTDOWN] Logger shutting down
[2025-10-18 12:06:37.745] [INFO] [Main] Приложение запущено
[SHUTDOWN] Logger shutting down
[2025-10-18 12:07:04.353] [INFO] [Main] Приложение запущено
[SHUTDOWN] Logger shutting down
[2025-10-18 12:07:20.047] [INFO] [Main] Приложение запущено
[SHUTDOWN] Logger shutting down
[2025-10-18 12:07:54.253] [INFO] [Main] Приложение запущено
[SHUTDOWN] Logger shutting down
[2025-10-18 12:08:59.013] [INFO] [Main] Приложение запущено
[SHUTDOWN] Logger shutting down
[2025-10-18 12:11:03.347] [INFO] [Main] Приложение запущено
[SHUTDOWN] Logger shutting down
[2025-10-18 12:11:46.399] [INFO] [Main] Приложение запущено
[SHUTDOWN] Logger shutting down
[2025-10-18 12:14:28.231] [INFO] [Main] Приложение запущено
[SHUTDOWN] Logger shutting down
[2025-10-18 12:14:54.129] [INFO] [Main] Приложение запущено
[SHUTDOWN] Logger shutting down
[2025-10-18 12:17:31.261] [INFO] [Main] Приложение запущено
[2025-10-18 12:19:44.143] [INFO] [Main] Приложение запущено
[2025-10-18 12:21:24.329] [INFO] [Main] Приложение завершено
[SHUTDOWN] Logger shutting down
[2025-10-18 12:32:36.358] [INFO] [Main] Приложение запущено
[2025-10-18 12:37:53.252] [INFO] [Main] Приложение завершено
[SHUTDOWN] Logger shutting down
[2025-10-19 22:39:41.047] [INFO] [Main] Приложение запущено
[2025-10-19 22:40:05.201] [INFO] [Main] Приложение завершено
[SHUTDOWN] Logger shutting down
[2025-10-19 22:40:06.674] [INFO] [Main] Приложение запущено
[2025-10-20 13:06:57.277] [INFO] [Main] Приложение запущено
[2025-10-20 13:07:08.424] [INFO] [Main] Приложение завершено
[SHUTDOWN] Logger shutting down
[2025-10-21 16:48:07.381] [INFO] [Main] Приложение запущено
[2025-10-21 16:48:45.338] [INFO] [Main] Приложение завершено
[SHUTDOWN] Logger shutting down
[2025-10-21 16:52:32.298] [INFO] [Main] Приложение запущено
[2025-10-21 20:16:06.689] [INFO] [Main] Приложение запущено
[2025-10-21 20:16:14.696] [INFO] [Main] Приложение запущено
[2025-10-21 20:17:36.867] [INFO] [Main] Приложение завершено
[SHUTDOWN] Logger shutting down
